<?xml version="1.0" encoding="UTF-8"?>
<!-- Generated by org.testng.reporters.JUnitXMLReporter -->
<testsuite ignored="2" hostname="DESKTOP-7E6CDAO" failures="0" tests="4" name="Test" time="0.094" errors="0" timestamp="2023-05-19T15:19:10 IST">
  <testcase classname="Frame1.Demo1" name="hi1" time="0.013"/>
  <testcase classname="Frame1.Demo1" name="hi2" time="0.004"/>
  <testcase classname="Frame1.Demo2" name="Bye" time="0.003"/>
  <testcase classname="Frame1.Demo2" name="Bye2" time="0.005"/>
  <testcase classname="Frame1.Demo1" name="hi" time="0.0">
    <ignored/>
  </testcase> <!-- hi -->
  <testcase classname="Frame1.Demo2" name="Bye1" time="0.0">
    <ignored/>
  </testcase> <!-- Bye1 -->
</testsuite> <!-- Test -->
