<?xml version="1.0" encoding="UTF-8"?>
<testng-results ignored="0" total="1" passed="1" failed="0" skipped="0">
  <reporter-output>
  </reporter-output>
  <suite started-at="2023-05-21T12:06:39 IST" name="Default suite" finished-at="2023-05-21T12:07:25 IST" duration-ms="46120">
    <groups>
    </groups>
    <test started-at="2023-05-21T12:06:39 IST" name="Default test" finished-at="2023-05-21T12:07:25 IST" duration-ms="46120">
      <class name="POM.Test_script2">
        <test-method is-config="true" signature="openApp()[pri:0, instance:POM.Test_script2@482bce4f]" started-at="2023-05-21T12:06:39 IST" name="openApp" finished-at="2023-05-21T12:06:56 IST" duration-ms="17628" status="PASS">
          <reporter-output>
          </reporter-output>
        </test-method> <!-- openApp -->
        <test-method signature="zomzto_app()[pri:0, instance:POM.Test_script2@482bce4f]" started-at="2023-05-21T12:06:56 IST" name="zomzto_app" finished-at="2023-05-21T12:07:21 IST" duration-ms="25133" status="PASS">
          <reporter-output>
          </reporter-output>
        </test-method> <!-- zomzto_app -->
        <test-method is-config="true" signature="closeApp()[pri:0, instance:POM.Test_script2@482bce4f]" started-at="2023-05-21T12:07:21 IST" name="closeApp" finished-at="2023-05-21T12:07:25 IST" duration-ms="3298" status="PASS">
          <reporter-output>
          </reporter-output>
        </test-method> <!-- closeApp -->
      </class> <!-- POM.Test_script2 -->
    </test> <!-- Default test -->
  </suite> <!-- Default suite -->
</testng-results>
